Using pre-set license
Built from '2021.3/staging' branch; Version is '2021.3.6f1 (7da38d85baf6) revision 8233869'; Using compiler version '192829333'; Build Type 'Release'
OS: 'Windows 11  (10.0.22000) 64bit Core' Language: 'en' Physical Memory: 7987 MB
BatchMode: 1, IsHumanControllingUs: 0, StartBugReporterOnCrash: 0, Is64bit: 1, IsPro: 1

COMMAND LINE ARGUMENTS:
C:\Program Files\Unity\Hub\Editor\2021.3.6f1\Editor\Unity.exe
-adb2
-batchMode
-noUpm
-name
AssetImportWorker0
-projectPath
D:/Unity Project/3D FPS Game/My project
-logFile
Logs/AssetImportWorker0.log
-srvPort
9438
Successfully changed project path to: D:/Unity Project/3D FPS Game/My project
D:/Unity Project/3D FPS Game/My project
[UnityMemory] Configuration Parameters - Can be set up in boot.config
    "memorysetup-bucket-allocator-granularity=16"
    "memorysetup-bucket-allocator-bucket-count=8"
    "memorysetup-bucket-allocator-block-size=33554432"
    "memorysetup-bucket-allocator-block-count=8"
    "memorysetup-main-allocator-block-size=16777216"
    "memorysetup-thread-allocator-block-size=16777216"
    "memorysetup-gfx-main-allocator-block-size=16777216"
    "memorysetup-gfx-thread-allocator-block-size=16777216"
    "memorysetup-cache-allocator-block-size=4194304"
    "memorysetup-typetree-allocator-block-size=2097152"
    "memorysetup-profiler-bucket-allocator-granularity=16"
    "memorysetup-profiler-bucket-allocator-bucket-count=8"
    "memorysetup-profiler-bucket-allocator-block-size=33554432"
    "memorysetup-profiler-bucket-allocator-block-count=8"
    "memorysetup-profiler-allocator-block-size=16777216"
    "memorysetup-profiler-editor-allocator-block-size=1048576"
    "memorysetup-temp-allocator-size-main=16777216"
    "memorysetup-job-temp-allocator-block-size=2097152"
    "memorysetup-job-temp-allocator-block-size-background=1048576"
    "memorysetup-job-temp-allocator-reduction-small-platforms=262144"
    "memorysetup-temp-allocator-size-background-worker=32768"
    "memorysetup-temp-allocator-size-job-worker=262144"
    "memorysetup-temp-allocator-size-preload-manager=33554432"
    "memorysetup-temp-allocator-size-nav-mesh-worker=65536"
    "memorysetup-temp-allocator-size-audio-worker=65536"
    "memorysetup-temp-allocator-size-cloud-worker=32768"
    "memorysetup-temp-allocator-size-gi-baking-worker=262144"
    "memorysetup-temp-allocator-size-gfx=262144"
Refreshing native plugins compatible for Editor in 163.90 ms, found 3 plugins.
Preloading 0 native plugins for Editor in 0.00 ms.
Initialize engine version: 2021.3.6f1 (7da38d85baf6)
[Subsystems] Discovering subsystems at path C:/Program Files/Unity/Hub/Editor/2021.3.6f1/Editor/Data/Resources/UnitySubsystems
[Subsystems] Discovering subsystems at path D:/Unity Project/3D FPS Game/My project/Assets
GfxDevice: creating device client; threaded=0; jobified=0
Direct3D:
    Version:  Direct3D 11.0 [level 11.1]
    Renderer: Microsoft Basic Render Driver (ID=0x8c)
    Vendor:   Microsoft
    VRAM:     3993 MB
Initialize mono
Mono path[0] = 'C:/Program Files/Unity/Hub/Editor/2021.3.6f1/Editor/Data/Managed'
Mono path[1] = 'C:/Program Files/Unity/Hub/Editor/2021.3.6f1/Editor/Data/MonoBleedingEdge/lib/mono/unityjit-win32'
Mono config path = 'C:/Program Files/Unity/Hub/Editor/2021.3.6f1/Editor/Data/MonoBleedingEdge/etc'
Using monoOptions --debugger-agent=transport=dt_socket,embedding=1,server=y,suspend=n,address=127.0.0.1:56424
Begin MonoManager ReloadAssembly
Registering precompiled unity dll's ...
Register platform support module: C:/Program Files/Unity/Hub/Editor/2021.3.6f1/Editor/Data/PlaybackEngines/WebGLSupport/UnityEditor.WebGL.Extensions.dll
Register platform support module: C:/Program Files/Unity/Hub/Editor/2021.3.6f1/Editor/Data/PlaybackEngines/WindowsStandaloneSupport/UnityEditor.WindowsStandalone.Extensions.dll
Registered in 0.006520 seconds.
Native extension for WindowsStandalone target not found
Native extension for WebGL target not found
Refreshing native plugins compatible for Editor in 73.22 ms, found 3 plugins.
Preloading 0 native plugins for Editor in 0.00 ms.
Mono: successfully reloaded assembly
- Completed reload, in  0.617 seconds
Domain Reload Profiling:
	ReloadAssembly (618ms)
		BeginReloadAssembly (118ms)
			ExecutionOrderSort (0ms)
			DisableScriptedObjects (0ms)
			BackupInstance (0ms)
			ReleaseScriptingObjects (0ms)
			CreateAndSetChildDomain (1ms)
		EndReloadAssembly (401ms)
			LoadAssemblies (118ms)
			RebuildTransferFunctionScriptingTraits (0ms)
			SetupTypeCache (94ms)
			ReleaseScriptCaches (0ms)
			RebuildScriptCaches (27ms)
			SetupLoadedEditorAssemblies (235ms)
				LogAssemblyErrors (0ms)
				InitializePlatformSupportModulesInManaged (8ms)
				SetLoadedEditorAssemblies (0ms)
				RefreshPlugins (73ms)
				BeforeProcessingInitializeOnLoad (1ms)
				ProcessInitializeOnLoadAttributes (114ms)
				ProcessInitializeOnLoadMethodAttributes (39ms)
				AfterProcessingInitializeOnLoad (0ms)
				EditorAssembliesLoaded (0ms)
			ExecutionOrderSort2 (0ms)
			AwakeInstancesAfterBackupRestoration (0ms)
Platform modules already initialized, skipping
Registering precompiled user dll's ...
Registered in 0.026421 seconds.
Begin MonoManager ReloadAssembly
Symbol file LoadedFromMemory doesn't match image D:\Unity Project\3D FPS Game\My project\Library\PackageCache\com.unity.visualscripting@1.7.8\Editor\VisualScripting.Core\Dependencies\YamlDotNet\Unity.VisualScripting.YamlDotNet.dll
Symbol file LoadedFromMemory doesn't match image D:\Unity Project\3D FPS Game\My project\Library\PackageCache\com.unity.visualscripting@1.7.8\Editor\VisualScripting.Core\Dependencies\DotNetZip\Unity.VisualScripting.IonicZip.dll
Native extension for WindowsStandalone target not found
Native extension for WebGL target not found
Refreshing native plugins compatible for Editor in 0.62 ms, found 3 plugins.
Preloading 0 native plugins for Editor in 0.00 ms.
Mono: successfully reloaded assembly
- Completed reload, in  1.172 seconds
Domain Reload Profiling:
	ReloadAssembly (1173ms)
		BeginReloadAssembly (152ms)
			ExecutionOrderSort (0ms)
			DisableScriptedObjects (11ms)
			BackupInstance (0ms)
			ReleaseScriptingObjects (0ms)
			CreateAndSetChildDomain (38ms)
		EndReloadAssembly (898ms)
			LoadAssemblies (201ms)
			RebuildTransferFunctionScriptingTraits (0ms)
			SetupTypeCache (271ms)
			ReleaseScriptCaches (0ms)
			RebuildScriptCaches (48ms)
			SetupLoadedEditorAssemblies (339ms)
				LogAssemblyErrors (0ms)
				InitializePlatformSupportModulesInManaged (6ms)
				SetLoadedEditorAssemblies (0ms)
				RefreshPlugins (1ms)
				BeforeProcessingInitializeOnLoad (73ms)
				ProcessInitializeOnLoadAttributes (229ms)
				ProcessInitializeOnLoadMethodAttributes (25ms)
				AfterProcessingInitializeOnLoad (4ms)
				EditorAssembliesLoaded (0ms)
			ExecutionOrderSort2 (0ms)
			AwakeInstancesAfterBackupRestoration (7ms)
Platform modules already initialized, skipping
========================================================================
Worker process is ready to serve import requests
Launched and connected shader compiler UnityShaderCompiler.exe after 0.18 seconds
Refreshing native plugins compatible for Editor in 0.65 ms, found 3 plugins.
Preloading 0 native plugins for Editor in 0.00 ms.
Unloading 3385 Unused Serialized files (Serialized files now loaded: 0)
Unloading 27 unused Assets / (111.2 KB). Loaded Objects now: 3842.
Memory consumption went from 119.3 MB to 119.2 MB.
Total: 3.118200 ms (FindLiveObjects: 0.269700 ms CreateObjectMapping: 0.096900 ms MarkObjects: 2.632100 ms  DeleteObjects: 0.118400 ms)

AssetImportParameters requested are different than current active one (requested -> active):
  custom:video-decoder-ogg-theora: a1e56fd34408186e4bbccfd4996cb3dc -> 
  custom:container-muxer-webm: aa71ff27fc2769a1b78a27578f13a17b -> 
  custom:container-demuxer-webm: 4f35f7cbe854078d1ac9338744f61a02 -> 
  custom:video-encoder-webm-vp8: eb34c28f22e8b96e1ab97ce403110664 -> 
  custom:audio-encoder-webm-vorbis: bf7c407c2cedff20999df2af8eb42d56 -> 
  custom:framework-win-MediaFoundation: 216162199b28c13a410421893ffa2e32 -> 
  custom:container-demuxer-ogg: 62fdf1f143b41e24485cea50d1cbac27 -> 
  custom:video-decoder-webm-vp8: 9c59270c3fd7afecdb556c50c9e8de78 -> 
  custom:audio-decoder-ogg-vorbis: bf7c407c2cedff20999df2af8eb42d56 -> 
========================================================================
Received Import Request.
  Time since last request: 1210132.580606 seconds.
  path: Assets/Prefabs/Game Ground.prefab
  artifactKey: Guid(1aa7bf25b446c4baa8e0af352f470d1b) Importer(815301076,1909f56bfc062723c751e8b465ee728b)
Start importing Assets/Prefabs/Game Ground.prefab using Guid(1aa7bf25b446c4baa8e0af352f470d1b) Importer(815301076,1909f56bfc062723c751e8b465ee728b)  -> (artifact id: 'a172ea53c76e0da6dd870e9e9f9ed9a8') in 0.737946 seconds 
========================================================================
Received Import Request.
  Time since last request: 1322.698254 seconds.
  path: ProjectSettings/TagManager.asset
  artifactKey: Guid(00000000000000003000000000000000) Importer(815301076,1909f56bfc062723c751e8b465ee728b)
Start importing ProjectSettings/TagManager.asset using Guid(00000000000000003000000000000000) Importer(815301076,1909f56bfc062723c751e8b465ee728b)  -> (artifact id: '5f74b9f0782f3ffe8a654b2b60a9f33c') in 0.010770 seconds 
========================================================================
Received Import Request.
  Time since last request: 244.432729 seconds.
  path: Assets/Models
  artifactKey: Guid(e535b96dbb2869d4d95fd5deef932fdf) Importer(815301076,1909f56bfc062723c751e8b465ee728b)
Start importing Assets/Models using Guid(e535b96dbb2869d4d95fd5deef932fdf) Importer(815301076,1909f56bfc062723c751e8b465ee728b)  -> (artifact id: '78c0619a1d5015418af6d948e9a7084f') in 0.027936 seconds 
========================================================================
Received Import Request.
  Time since last request: 1.815259 seconds.
  path: Assets/Models/First Person
  artifactKey: Guid(b324237f01d87ed448ea7dedff84d38f) Importer(815301076,1909f56bfc062723c751e8b465ee728b)
Start importing Assets/Models/First Person using Guid(b324237f01d87ed448ea7dedff84d38f) Importer(815301076,1909f56bfc062723c751e8b465ee728b)  -> (artifact id: '9e6a4d2ef6f69020c01444118e0951f7') in 0.015102 seconds 
========================================================================
Received Import Request.
  Time since last request: 0.656578 seconds.
  path: Assets/Models/First Person/Assault Rifle Animations
  artifactKey: Guid(c4896b2188b04465793d07b0f1451717) Importer(815301076,1909f56bfc062723c751e8b465ee728b)
Start importing Assets/Models/First Person/Assault Rifle Animations using Guid(c4896b2188b04465793d07b0f1451717) Importer(815301076,1909f56bfc062723c751e8b465ee728b)  -> (artifact id: 'e0d41d8b87112c4eb9cbc0f652943fb8') in 0.016399 seconds 
========================================================================
Received Import Request.
  Time since last request: 0.755304 seconds.
  path: Assets/Models/First Person/All Animations
  artifactKey: Guid(e640fcbe56768460c8022800642b7480) Importer(815301076,1909f56bfc062723c751e8b465ee728b)
Start importing Assets/Models/First Person/All Animations using Guid(e640fcbe56768460c8022800642b7480) Importer(815301076,1909f56bfc062723c751e8b465ee728b)  -> (artifact id: 'ebf99f288ea8865bd9fd65b4acc2e9c6') in 0.017679 seconds 
========================================================================
Received Import Request.
  Time since last request: 0.230704 seconds.
  path: Assets/Models/First Person/All Animations/Assault Rifle.fbx
  artifactKey: Guid(48d42201fa1ddd74b8df820204882ede) Importer(815301076,1909f56bfc062723c751e8b465ee728b)
Start importing Assets/Models/First Person/All Animations/Assault Rifle.fbx using Guid(48d42201fa1ddd74b8df820204882ede) Importer(815301076,1909f56bfc062723c751e8b465ee728b)  -> (artifact id: '65120f9efa18b008d4fdbc3c821a09a8') in 0.734347 seconds 
========================================================================
Received Import Request.
  Time since last request: 0.000028 seconds.
  path: Assets/Models/First Person/All Animations/Stone Hatchet.fbx
  artifactKey: Guid(77489154fe6edec468aaa5a234832637) Importer(815301076,1909f56bfc062723c751e8b465ee728b)
Start importing Assets/Models/First Person/All Animations/Stone Hatchet.fbx using Guid(77489154fe6edec468aaa5a234832637) Importer(815301076,1909f56bfc062723c751e8b465ee728b)  -> (artifact id: '36f648f1391b430b223a8900b1357bc8') in 0.293054 seconds 
========================================================================
Received Import Request.
  Time since last request: 0.000025 seconds.
  path: Assets/Models/First Person/All Animations/Pickaxe.fbx
  artifactKey: Guid(3a81c4c10b89fdc49b5129035f378acd) Importer(815301076,1909f56bfc062723c751e8b465ee728b)
Start importing Assets/Models/First Person/All Animations/Pickaxe.fbx using Guid(3a81c4c10b89fdc49b5129035f378acd) Importer(815301076,1909f56bfc062723c751e8b465ee728b)  -> (artifact id: 'ae99ded2123a7aea65b27b8cbaafc3dd') in 0.065528 seconds 
========================================================================
Received Import Request.
  Time since last request: 0.000032 seconds.
  path: Assets/Models/First Person/All Animations/Building Plan.fbx
  artifactKey: Guid(f81d2cc70430a8547bc1c21978a42734) Importer(815301076,1909f56bfc062723c751e8b465ee728b)
Start importing Assets/Models/First Person/All Animations/Building Plan.fbx using Guid(f81d2cc70430a8547bc1c21978a42734) Importer(815301076,1909f56bfc062723c751e8b465ee728b)  -> (artifact id: '700f1dbafe386ddc6fb1275b0fe3615b') in 0.540867 seconds 
========================================================================
Received Import Request.
  Time since last request: 0.000021 seconds.
  path: Assets/Models/First Person/All Animations/Shotgun.fbx
  artifactKey: Guid(1b1e15712c094a1409abf2c70f7e2703) Importer(815301076,1909f56bfc062723c751e8b465ee728b)
Start importing Assets/Models/First Person/All Animations/Shotgun.fbx using Guid(1b1e15712c094a1409abf2c70f7e2703) Importer(815301076,1909f56bfc062723c751e8b465ee728b)  -> (artifact id: '5d45ccd7b4fc99bdd771040f9f31887d') in 0.120949 seconds 
========================================================================
Received Import Request.
  Time since last request: 0.000037 seconds.
  path: Assets/Models/First Person/All Animations/Bone Club.fbx
  artifactKey: Guid(0990e6e33a52d1642ab1a19fe3186081) Importer(815301076,1909f56bfc062723c751e8b465ee728b)
Start importing Assets/Models/First Person/All Animations/Bone Club.fbx using Guid(0990e6e33a52d1642ab1a19fe3186081) Importer(815301076,1909f56bfc062723c751e8b465ee728b)  -> (artifact id: '0baf80cbfb1ffc1852252ff505ccc2fe') in 0.385831 seconds 
========================================================================
Received Import Request.
  Time since last request: 0.000040 seconds.
  path: Assets/Models/First Person/All Animations/Wooden Bow.fbx
  artifactKey: Guid(9ba50ff5806385f4da160695a7223e1d) Importer(815301076,1909f56bfc062723c751e8b465ee728b)
Start importing Assets/Models/First Person/All Animations/Wooden Bow.fbx using Guid(9ba50ff5806385f4da160695a7223e1d) Importer(815301076,1909f56bfc062723c751e8b465ee728b)  -> (artifact id: '230cff5c12ab6da9fdf5493498164680') in 0.485587 seconds 
========================================================================
Received Import Request.
  Time since last request: 233.776001 seconds.
  path: Assets/Materials
  artifactKey: Guid(7acbb48770fc89a49aa5516cacc4ee9d) Importer(815301076,1909f56bfc062723c751e8b465ee728b)
Start importing Assets/Materials using Guid(7acbb48770fc89a49aa5516cacc4ee9d) Importer(815301076,1909f56bfc062723c751e8b465ee728b)  -> (artifact id: 'b40bdce28ccc7896661a60847a72fade') in 0.006587 seconds 
========================================================================
Received Import Request.
  Time since last request: 1.407539 seconds.
  path: Assets/Materials/Objects
  artifactKey: Guid(fd334a0e05314448a896913ed6db72e2) Importer(815301076,1909f56bfc062723c751e8b465ee728b)
Start importing Assets/Materials/Objects using Guid(fd334a0e05314448a896913ed6db72e2) Importer(815301076,1909f56bfc062723c751e8b465ee728b)  -> (artifact id: '1a7ebc42f76bb9ba36d0eb4412d67966') in 0.014426 seconds 
========================================================================
Received Import Request.
  Time since last request: 0.374660 seconds.
  path: Assets/Materials/Weapons
  artifactKey: Guid(e1f939849410ecd4e879fb4346c047ec) Importer(815301076,1909f56bfc062723c751e8b465ee728b)
Start importing Assets/Materials/Weapons using Guid(e1f939849410ecd4e879fb4346c047ec) Importer(815301076,1909f56bfc062723c751e8b465ee728b)  -> (artifact id: '17859d7d2409e9d42ef15efb5001470d') in 0.006149 seconds 
========================================================================
Received Import Request.
  Time since last request: 1.195000 seconds.
  path: Assets/Materials/Weapons/First Person
  artifactKey: Guid(a18f1ce3867ce4e429139d43168b4d53) Importer(815301076,1909f56bfc062723c751e8b465ee728b)
Start importing Assets/Materials/Weapons/First Person using Guid(a18f1ce3867ce4e429139d43168b4d53) Importer(815301076,1909f56bfc062723c751e8b465ee728b)  -> (artifact id: 'ce14c0d548e4ae1018b7588688875330') in 0.048014 seconds 
========================================================================
Received Import Request.
  Time since last request: 0.124708 seconds.
  path: Assets/Materials/Weapons/First Person/Arms.mat
  artifactKey: Guid(f0dc5b2c180f556429090a6409109062) Importer(815301076,1909f56bfc062723c751e8b465ee728b)
Start importing Assets/Materials/Weapons/First Person/Arms.mat using Guid(f0dc5b2c180f556429090a6409109062) Importer(815301076,1909f56bfc062723c751e8b465ee728b)  -> (artifact id: '09526ca4267df915f1a2b34dacc327e2') in 0.352628 seconds 
========================================================================
Received Import Request.
  Time since last request: 0.000023 seconds.
  path: Assets/Materials/Weapons/First Person/Hunting Rifle.mat
  artifactKey: Guid(6bfb1a404763afd4a82c9a00e3426f16) Importer(815301076,1909f56bfc062723c751e8b465ee728b)
Start importing Assets/Materials/Weapons/First Person/Hunting Rifle.mat using Guid(6bfb1a404763afd4a82c9a00e3426f16) Importer(815301076,1909f56bfc062723c751e8b465ee728b)  -> (artifact id: '0401946f0282ddc35c7898dd98c174f1') in 0.236069 seconds 
========================================================================
Received Import Request.
  Time since last request: 0.000030 seconds.
  path: Assets/Materials/Weapons/First Person/Wooden Spear.mat
  artifactKey: Guid(de815c610e27f0e4b9268666d6442155) Importer(815301076,1909f56bfc062723c751e8b465ee728b)
Start importing Assets/Materials/Weapons/First Person/Wooden Spear.mat using Guid(de815c610e27f0e4b9268666d6442155) Importer(815301076,1909f56bfc062723c751e8b465ee728b)  -> (artifact id: 'a17e59136ea49060083400f4c63445e3') in 0.201715 seconds 
========================================================================
Received Import Request.
  Time since last request: 0.000031 seconds.
  path: Assets/Materials/Weapons/First Person/Building Plan.mat
  artifactKey: Guid(45ad18dcc6ecee4418c7ae2d55e331f7) Importer(815301076,1909f56bfc062723c751e8b465ee728b)
Start importing Assets/Materials/Weapons/First Person/Building Plan.mat using Guid(45ad18dcc6ecee4418c7ae2d55e331f7) Importer(815301076,1909f56bfc062723c751e8b465ee728b)  -> (artifact id: '41fda18786d937090171d720330a882e') in 0.717635 seconds 
========================================================================
Received Import Request.
  Time since last request: 0.000043 seconds.
  path: Assets/Materials/Weapons/First Person/Torch.mat
  artifactKey: Guid(5bdaa2c979f5bf34a8d3425534846b51) Importer(815301076,1909f56bfc062723c751e8b465ee728b)
Start importing Assets/Materials/Weapons/First Person/Torch.mat using Guid(5bdaa2c979f5bf34a8d3425534846b51) Importer(815301076,1909f56bfc062723c751e8b465ee728b)  -> (artifact id: '7dddc1fa570eff0275067b0a6d7550ad') in 0.189356 seconds 
========================================================================
Received Import Request.
  Time since last request: 0.000019 seconds.
  path: Assets/Materials/Weapons/First Person/Shotgun.mat
  artifactKey: Guid(626b338dd308a9d478ff8780feca87c7) Importer(815301076,1909f56bfc062723c751e8b465ee728b)
Start importing Assets/Materials/Weapons/First Person/Shotgun.mat using Guid(626b338dd308a9d478ff8780feca87c7) Importer(815301076,1909f56bfc062723c751e8b465ee728b)  -> (artifact id: 'e020065c4906b6922bf2572849ef7d40') in 0.221727 seconds 
========================================================================
Received Import Request.
  Time since last request: 0.000075 seconds.
  path: Assets/Materials/Weapons/First Person/Bone Club.mat
  artifactKey: Guid(0c18cb354c2a2674bbb5e5ffae27a8de) Importer(815301076,1909f56bfc062723c751e8b465ee728b)
Start importing Assets/Materials/Weapons/First Person/Bone Club.mat using Guid(0c18cb354c2a2674bbb5e5ffae27a8de) Importer(815301076,1909f56bfc062723c751e8b465ee728b)  -> (artifact id: 'c294d4c31d839b59ef1a89c261cc8062') in 0.207456 seconds 
========================================================================
Received Import Request.
  Time since last request: 0.000039 seconds.
  path: Assets/Materials/Weapons/First Person/Iron Spear.mat
  artifactKey: Guid(f0a88953b3d9b654fbaf89f1c173bbe7) Importer(815301076,1909f56bfc062723c751e8b465ee728b)
Start importing Assets/Materials/Weapons/First Person/Iron Spear.mat using Guid(f0a88953b3d9b654fbaf89f1c173bbe7) Importer(815301076,1909f56bfc062723c751e8b465ee728b)  -> (artifact id: 'f656f0b787a2ad651bf6453bd6b3a0ae') in 0.166926 seconds 
========================================================================
Received Import Request.
  Time since last request: 0.000030 seconds.
  path: Assets/Materials/Weapons/First Person/Pickaxe.mat
  artifactKey: Guid(2d3e4e5954f9bf04b98f3fc1c5a44e7e) Importer(815301076,1909f56bfc062723c751e8b465ee728b)
Start importing Assets/Materials/Weapons/First Person/Pickaxe.mat using Guid(2d3e4e5954f9bf04b98f3fc1c5a44e7e) Importer(815301076,1909f56bfc062723c751e8b465ee728b)  -> (artifact id: 'b69dbea349100d448579f8a25da260ed') in 0.177956 seconds 
========================================================================
Received Import Request.
  Time since last request: 62.663611 seconds.
  path: Assets/_TerrainAutoUpgrade/layer_Cliff_Layered RockCliff_NRM5e877bc2d7bcc3fc.terrainlayer
  artifactKey: Guid(a9d399fa25a24934eb8d0b16be950a9f) Importer(815301076,1909f56bfc062723c751e8b465ee728b)
Start importing Assets/_TerrainAutoUpgrade/layer_Cliff_Layered RockCliff_NRM5e877bc2d7bcc3fc.terrainlayer using Guid(a9d399fa25a24934eb8d0b16be950a9f) Importer(815301076,1909f56bfc062723c751e8b465ee728b)  -> (artifact id: 'a7125a2b17d87a970d5d7ecc5b9dc387') in 0.034808 seconds 
========================================================================
Received Import Request.
  Time since last request: 5.680761 seconds.
  path: Assets
  artifactKey: Guid(00000000000000001000000000000000) Importer(815301076,1909f56bfc062723c751e8b465ee728b)
Start importing Assets using Guid(00000000000000001000000000000000) Importer(815301076,1909f56bfc062723c751e8b465ee728b)  -> (artifact id: '79842766b460edbeab6a34051e857a80') in 0.015381 seconds 
========================================================================
Received Import Request.
  Time since last request: 26.805332 seconds.
  path: Assets/Test Material.mat
  artifactKey: Guid(756435b1e4a12974386a0a3e77b38a25) Importer(815301076,1909f56bfc062723c751e8b465ee728b)
Start importing Assets/Test Material.mat using Guid(756435b1e4a12974386a0a3e77b38a25) Importer(815301076,1909f56bfc062723c751e8b465ee728b)  -> (artifact id: '0aabf72c3013030c2c332e53cdde298c') in 0.077644 seconds 
========================================================================
Received Import Request.
  Time since last request: 200.699932 seconds.
  path: Assets/Textures
  artifactKey: Guid(936becec502190e4c9ede97ce652117f) Importer(815301076,1909f56bfc062723c751e8b465ee728b)
Start importing Assets/Textures using Guid(936becec502190e4c9ede97ce652117f) Importer(815301076,1909f56bfc062723c751e8b465ee728b)  -> (artifact id: '1c76c1c13848fb2b959ce513734c33cf') in 0.016130 seconds 
========================================================================
Received Import Request.
  Time since last request: 2.145349 seconds.
  path: Assets/Textures/Weapons
  artifactKey: Guid(d444108c3d98e454a9458e078174fff1) Importer(815301076,1909f56bfc062723c751e8b465ee728b)
Start importing Assets/Textures/Weapons using Guid(d444108c3d98e454a9458e078174fff1) Importer(815301076,1909f56bfc062723c751e8b465ee728b)  -> (artifact id: '744e534fc33095ea63beac6eac4f6905') in 0.014385 seconds 
========================================================================
Received Import Request.
  Time since last request: 1.170300 seconds.
  path: Assets/Textures/Weapons/First Person
  artifactKey: Guid(0f22be5f5045723458cc78f6b5ee3229) Importer(815301076,1909f56bfc062723c751e8b465ee728b)
Start importing Assets/Textures/Weapons/First Person using Guid(0f22be5f5045723458cc78f6b5ee3229) Importer(815301076,1909f56bfc062723c751e8b465ee728b)  -> (artifact id: '16a72e9b3b8b2fa333b82f0bcc1c98f0') in 0.014501 seconds 
========================================================================
Received Import Request.
  Time since last request: 0.133723 seconds.
  path: Assets/Textures/Weapons/First Person/Arms.png
  artifactKey: Guid(f8f7d0f8f66465144abb1dff7f10f156) Importer(815301076,1909f56bfc062723c751e8b465ee728b)
Start importing Assets/Textures/Weapons/First Person/Arms.png using Guid(f8f7d0f8f66465144abb1dff7f10f156) Importer(815301076,1909f56bfc062723c751e8b465ee728b)  -> (artifact id: 'bba2bf3af0fbf39a333e70dcbe65dec2') in 0.069542 seconds 
========================================================================
Received Import Request.
  Time since last request: 0.000019 seconds.
  path: Assets/Textures/Weapons/First Person/Stone Hatchet_AO.png
  artifactKey: Guid(20b8a4a26e45881459ddaac04d7eb09d) Importer(815301076,1909f56bfc062723c751e8b465ee728b)
Start importing Assets/Textures/Weapons/First Person/Stone Hatchet_AO.png using Guid(20b8a4a26e45881459ddaac04d7eb09d) Importer(815301076,1909f56bfc062723c751e8b465ee728b)  -> (artifact id: '9b26151657087655c7cb45c6adb40370') in 0.086443 seconds 
========================================================================
Received Import Request.
  Time since last request: 0.000041 seconds.
  path: Assets/Textures/Weapons/First Person/Stone Hatchet_MET.png
  artifactKey: Guid(399bdbc83e208614c966b2073389d96e) Importer(815301076,1909f56bfc062723c751e8b465ee728b)
Start importing Assets/Textures/Weapons/First Person/Stone Hatchet_MET.png using Guid(399bdbc83e208614c966b2073389d96e) Importer(815301076,1909f56bfc062723c751e8b465ee728b)  -> (artifact id: '1f55b76c42fd3d5884ddbf8adc662067') in 0.087427 seconds 
========================================================================
Received Import Request.
  Time since last request: 0.000031 seconds.
  path: Assets/Textures/Weapons/First Person/Bone Club.png
  artifactKey: Guid(951fe534af3bd454285dfee47403ff5a) Importer(815301076,1909f56bfc062723c751e8b465ee728b)
Start importing Assets/Textures/Weapons/First Person/Bone Club.png using Guid(951fe534af3bd454285dfee47403ff5a) Importer(815301076,1909f56bfc062723c751e8b465ee728b)  -> (artifact id: 'e6c57efa839657ab25111812c111f068') in 0.066553 seconds 
========================================================================
Received Import Request.
  Time since last request: 0.000028 seconds.
  path: Assets/Textures/Weapons/First Person/Building Plan.png
  artifactKey: Guid(989670ab6153e6243a6b45909cd4d816) Importer(815301076,1909f56bfc062723c751e8b465ee728b)
Start importing Assets/Textures/Weapons/First Person/Building Plan.png using Guid(989670ab6153e6243a6b45909cd4d816) Importer(815301076,1909f56bfc062723c751e8b465ee728b)  -> (artifact id: 'db993e208451fd831211a9ab0aab144c') in 0.049132 seconds 
========================================================================
Received Import Request.
  Time since last request: 0.000027 seconds.
  path: Assets/Textures/Weapons/First Person/Hunting Rifle.png
  artifactKey: Guid(d6a20ab6b57edf949ad15a01e81c5319) Importer(815301076,1909f56bfc062723c751e8b465ee728b)
Start importing Assets/Textures/Weapons/First Person/Hunting Rifle.png using Guid(d6a20ab6b57edf949ad15a01e81c5319) Importer(815301076,1909f56bfc062723c751e8b465ee728b)  -> (artifact id: 'e702efb2a2db2a3031573cc7774cfb8a') in 0.079455 seconds 
========================================================================
Received Import Request.
  Time since last request: 0.000029 seconds.
  path: Assets/Textures/Weapons/First Person/Shotgun_SPEC.png
  artifactKey: Guid(5cc65ff98be63f343a2e43ab70ac8981) Importer(815301076,1909f56bfc062723c751e8b465ee728b)
Start importing Assets/Textures/Weapons/First Person/Shotgun_SPEC.png using Guid(5cc65ff98be63f343a2e43ab70ac8981) Importer(815301076,1909f56bfc062723c751e8b465ee728b)  -> (artifact id: '841b478cdfae79c337d190640a572cf7') in 0.092419 seconds 
========================================================================
Received Import Request.
  Time since last request: 0.000039 seconds.
  path: Assets/Textures/Weapons/First Person/Wooden Spear_NRM.png
  artifactKey: Guid(bc2e9647ee252774b9ba8fd562612c24) Importer(815301076,1909f56bfc062723c751e8b465ee728b)
Start importing Assets/Textures/Weapons/First Person/Wooden Spear_NRM.png using Guid(bc2e9647ee252774b9ba8fd562612c24) Importer(815301076,1909f56bfc062723c751e8b465ee728b)  -> (artifact id: 'e87a61d0ae9c4dc263bdb1f7b8e641b9') in 0.090458 seconds 
========================================================================
Received Import Request.
  Time since last request: 0.000028 seconds.
  path: Assets/Textures/Weapons/First Person/Revolver_MET.png
  artifactKey: Guid(fce577e179f7ae742957b719b8a0292a) Importer(815301076,1909f56bfc062723c751e8b465ee728b)
Start importing Assets/Textures/Weapons/First Person/Revolver_MET.png using Guid(fce577e179f7ae742957b719b8a0292a) Importer(815301076,1909f56bfc062723c751e8b465ee728b)  -> (artifact id: '12b83b72de2b44f28a185f7ba563f765') in 0.106247 seconds 
========================================================================
Received Import Request.
  Time since last request: 0.000030 seconds.
  path: Assets/Textures/Weapons/First Person/Iron Spear_SPEC.png
  artifactKey: Guid(2beb61e3eae8bc148a2c5a3728fe2a57) Importer(815301076,1909f56bfc062723c751e8b465ee728b)
Start importing Assets/Textures/Weapons/First Person/Iron Spear_SPEC.png using Guid(2beb61e3eae8bc148a2c5a3728fe2a57) Importer(815301076,1909f56bfc062723c751e8b465ee728b)  -> (artifact id: 'b767dc4322a083cd290fac8b398add1d') in 0.072664 seconds 
========================================================================
Received Import Request.
  Time since last request: 0.000046 seconds.
  path: Assets/Textures/Weapons/First Person/Axe.png
  artifactKey: Guid(786e3387ac0e1f6469b647809ebe55f5) Importer(815301076,1909f56bfc062723c751e8b465ee728b)
Start importing Assets/Textures/Weapons/First Person/Axe.png using Guid(786e3387ac0e1f6469b647809ebe55f5) Importer(815301076,1909f56bfc062723c751e8b465ee728b)  -> (artifact id: 'ba1c3cc6f4820ca302f55489f27b064c') in 0.091808 seconds 
========================================================================
Received Import Request.
  Time since last request: 0.000061 seconds.
  path: Assets/Textures/Weapons/First Person/Arms_SPEC.png
  artifactKey: Guid(858e8f9aad3d1d347babe4a54ece9d10) Importer(815301076,1909f56bfc062723c751e8b465ee728b)
Start importing Assets/Textures/Weapons/First Person/Arms_SPEC.png using Guid(858e8f9aad3d1d347babe4a54ece9d10) Importer(815301076,1909f56bfc062723c751e8b465ee728b)  -> (artifact id: '77630481e8c39958a99688186b6ed729') in 0.081850 seconds 
========================================================================
Received Import Request.
  Time since last request: 0.000027 seconds.
  path: Assets/Textures/Weapons/First Person/Bone Club_NRM.png
  artifactKey: Guid(de7cb080b78de5540aa028c94bb68c2e) Importer(815301076,1909f56bfc062723c751e8b465ee728b)
Start importing Assets/Textures/Weapons/First Person/Bone Club_NRM.png using Guid(de7cb080b78de5540aa028c94bb68c2e) Importer(815301076,1909f56bfc062723c751e8b465ee728b)  -> (artifact id: '869804ecb2ae0b9e6086c44ab18bb391') in 0.074389 seconds 
========================================================================
Received Import Request.
  Time since last request: 0.000041 seconds.
  path: Assets/Textures/Weapons/First Person/Pickaxe.png
  artifactKey: Guid(39ccd53fbd4921f4ab43567078e0485c) Importer(815301076,1909f56bfc062723c751e8b465ee728b)
Start importing Assets/Textures/Weapons/First Person/Pickaxe.png using Guid(39ccd53fbd4921f4ab43567078e0485c) Importer(815301076,1909f56bfc062723c751e8b465ee728b)  -> (artifact id: '51bdf9636c9d93c02d36cf4c67850a78') in 0.076399 seconds 
========================================================================
Received Import Request.
  Time since last request: 0.000023 seconds.
  path: Assets/Textures/Weapons/First Person/Axe_SPEC.png
  artifactKey: Guid(1774056cac8fbc543b58b74418645c4b) Importer(815301076,1909f56bfc062723c751e8b465ee728b)
Start importing Assets/Textures/Weapons/First Person/Axe_SPEC.png using Guid(1774056cac8fbc543b58b74418645c4b) Importer(815301076,1909f56bfc062723c751e8b465ee728b)  -> (artifact id: '16907c75d20c4f9047851e7a71dee171') in 0.103077 seconds 
========================================================================
Received Import Request.
  Time since last request: 0.000033 seconds.
  path: Assets/Textures/Weapons/First Person/Wooden Bow.png
  artifactKey: Guid(8353ca24992dee441b34c6607c05dc16) Importer(815301076,1909f56bfc062723c751e8b465ee728b)
Start importing Assets/Textures/Weapons/First Person/Wooden Bow.png using Guid(8353ca24992dee441b34c6607c05dc16) Importer(815301076,1909f56bfc062723c751e8b465ee728b)  -> (artifact id: '12e4067f814179fffcd347078968d531') in 0.167422 seconds 
========================================================================
Received Import Request.
  Time since last request: 0.000029 seconds.
  path: Assets/Textures/Weapons/First Person/Shotgun_NRM.png
  artifactKey: Guid(4a9a02d635cda624086b6d20755a4a4b) Importer(815301076,1909f56bfc062723c751e8b465ee728b)
Start importing Assets/Textures/Weapons/First Person/Shotgun_NRM.png using Guid(4a9a02d635cda624086b6d20755a4a4b) Importer(815301076,1909f56bfc062723c751e8b465ee728b)  -> (artifact id: '3d4f9310848f9332fe7e712c597c98d9') in 0.114504 seconds 
========================================================================
Received Import Request.
  Time since last request: 0.000024 seconds.
  path: Assets/Textures/Weapons/First Person/Iron Spear_NRM.png
  artifactKey: Guid(55ae131810a6e17479120f3d94152224) Importer(815301076,1909f56bfc062723c751e8b465ee728b)
Start importing Assets/Textures/Weapons/First Person/Iron Spear_NRM.png using Guid(55ae131810a6e17479120f3d94152224) Importer(815301076,1909f56bfc062723c751e8b465ee728b)  -> (artifact id: 'c8b537c57ba4855d57446e922367b5dc') in 0.050475 seconds 
========================================================================
Received Import Request.
  Time since last request: 0.000036 seconds.
  path: Assets/Textures/Weapons/First Person/Building Plan_AO.png
  artifactKey: Guid(1de527339e4bff449a6b8ba68d238310) Importer(815301076,1909f56bfc062723c751e8b465ee728b)
Start importing Assets/Textures/Weapons/First Person/Building Plan_AO.png using Guid(1de527339e4bff449a6b8ba68d238310) Importer(815301076,1909f56bfc062723c751e8b465ee728b)  -> (artifact id: '7d7514c3b879d1f290e349349676e9d6') in 0.033981 seconds 
========================================================================
Received Import Request.
  Time since last request: 0.000038 seconds.
  path: Assets/Textures/Weapons/First Person/Assault Rifle_AO.png
  artifactKey: Guid(b0ec32476c773cd45b5514bd3fbff511) Importer(815301076,1909f56bfc062723c751e8b465ee728b)
Start importing Assets/Textures/Weapons/First Person/Assault Rifle_AO.png using Guid(b0ec32476c773cd45b5514bd3fbff511) Importer(815301076,1909f56bfc062723c751e8b465ee728b)  -> (artifact id: '8386f36a43c43b4e65ee5de989c3a397') in 0.096259 seconds 
========================================================================
Received Import Request.
  Time since last request: 0.000027 seconds.
  path: Assets/Textures/Weapons/First Person/Pickaxe_NRM.png
  artifactKey: Guid(3ddd6261f1a7a1e4aa6e464d048a2b18) Importer(815301076,1909f56bfc062723c751e8b465ee728b)
Start importing Assets/Textures/Weapons/First Person/Pickaxe_NRM.png using Guid(3ddd6261f1a7a1e4aa6e464d048a2b18) Importer(815301076,1909f56bfc062723c751e8b465ee728b)  -> (artifact id: 'f51a1fa844c97bb7aa0458ec8c9371bc') in 0.082514 seconds 
========================================================================
Received Import Request.
  Time since last request: 0.000030 seconds.
  path: Assets/Textures/Weapons/First Person/Revolver_NRM.png
  artifactKey: Guid(f5108311e61ccbf4692dffb4c2f5e2e1) Importer(815301076,1909f56bfc062723c751e8b465ee728b)
Start importing Assets/Textures/Weapons/First Person/Revolver_NRM.png using Guid(f5108311e61ccbf4692dffb4c2f5e2e1) Importer(815301076,1909f56bfc062723c751e8b465ee728b)  -> (artifact id: '7e9e37acef1dbd917809b01e5c99fdca') in 0.102138 seconds 
========================================================================
Received Import Request.
  Time since last request: 744.275266 seconds.
  path: Assets/Prefabs
  artifactKey: Guid(b0a8a1b1559c10a4c914d69888776573) Importer(815301076,1909f56bfc062723c751e8b465ee728b)
Start importing Assets/Prefabs using Guid(b0a8a1b1559c10a4c914d69888776573) Importer(815301076,1909f56bfc062723c751e8b465ee728b)  -> (artifact id: '23af3118c63877e709a389d245674438') in 0.023165 seconds 
========================================================================
Received Import Request.
  Time since last request: 25.807623 seconds.
  path: Assets/Prefabs/Player Prefabs
  artifactKey: Guid(758c731f0c60c2e42ba3f0a86a4744bc) Importer(815301076,1909f56bfc062723c751e8b465ee728b)
Start importing Assets/Prefabs/Player Prefabs using Guid(758c731f0c60c2e42ba3f0a86a4744bc) Importer(815301076,1909f56bfc062723c751e8b465ee728b)  -> (artifact id: '45113c5009b70c6ad7db9e56c933d995') in 0.006030 seconds 
========================================================================
Received Import Request.
  Time since last request: 4.017459 seconds.
  path: Assets/Prefabs/Player Prefabs/Player.prefab
  artifactKey: Guid(784ce01bca293eb4581ed41b231be253) Importer(815301076,1909f56bfc062723c751e8b465ee728b)
Start importing Assets/Prefabs/Player Prefabs/Player.prefab using Guid(784ce01bca293eb4581ed41b231be253) Importer(815301076,1909f56bfc062723c751e8b465ee728b)  -> (artifact id: '80cb46367cdd429bb13d683bf57407c4') in 0.071531 seconds 
========================================================================
Received Import Request.
  Time since last request: 314.101526 seconds.
  path: Assets/Prefabs/Objects
  artifactKey: Guid(7864711ff97c14d06b6e0325c0252784) Importer(815301076,1909f56bfc062723c751e8b465ee728b)
Start importing Assets/Prefabs/Objects using Guid(7864711ff97c14d06b6e0325c0252784) Importer(815301076,1909f56bfc062723c751e8b465ee728b)  -> (artifact id: 'febcca514a6c3408332e0b40f13a1579') in 0.024857 seconds 
========================================================================
Received Import Request.
  Time since last request: 0.378325 seconds.
  path: Assets/Prefabs/Objects/Destroyed Rock_Metal.prefab
  artifactKey: Guid(d0aacdecc29e3994e83645c853ade54c) Importer(815301076,1909f56bfc062723c751e8b465ee728b)
Start importing Assets/Prefabs/Objects/Destroyed Rock_Metal.prefab using Guid(d0aacdecc29e3994e83645c853ade54c) Importer(815301076,1909f56bfc062723c751e8b465ee728b)  -> (artifact id: 'a3721c7bed026d85ec7f54b42cc7fc63') in 0.096488 seconds 
========================================================================
Received Import Request.
  Time since last request: 0.000024 seconds.
  path: Assets/Prefabs/Objects/Empty Tree.prefab
  artifactKey: Guid(0915be31f6f04314d8d4e9e89ec1fad2) Importer(815301076,1909f56bfc062723c751e8b465ee728b)
Start importing Assets/Prefabs/Objects/Empty Tree.prefab using Guid(0915be31f6f04314d8d4e9e89ec1fad2) Importer(815301076,1909f56bfc062723c751e8b465ee728b)  -> (artifact id: 'ef835f555f17459afa3e44de8ee57dc9') in 0.009839 seconds 
========================================================================
Received Import Request.
  Time since last request: 0.000029 seconds.
  path: Assets/Prefabs/Objects/Destroyed Tree.prefab
  artifactKey: Guid(75a9341e862e86c48b89aa2cc1771d69) Importer(815301076,1909f56bfc062723c751e8b465ee728b)
Start importing Assets/Prefabs/Objects/Destroyed Tree.prefab using Guid(75a9341e862e86c48b89aa2cc1771d69) Importer(815301076,1909f56bfc062723c751e8b465ee728b)  -> (artifact id: '615ea8db3c8f4b725fd551569c731d67') in 0.261099 seconds 
========================================================================
Received Import Request.
  Time since last request: 939.854503 seconds.
  path: Assets/Prefabs/Player Prefabs/Player.prefab
  artifactKey: Guid(784ce01bca293eb4581ed41b231be253) Importer(815301076,1909f56bfc062723c751e8b465ee728b)
Start importing Assets/Prefabs/Player Prefabs/Player.prefab using Guid(784ce01bca293eb4581ed41b231be253) Importer(815301076,1909f56bfc062723c751e8b465ee728b)  -> (artifact id: '362226c3de3b6fbe96a79706a4ee0964') in 0.029441 seconds 
